app/build/intermediates/manifest_merge_blame_file/release/manifest-merger-blame-release-report.txt
1<?xml version="1.0" encoding="utf-8"?>
2<manifest xmlns:android="http://schemas.android.com/apk/res/android"
3    package="com.trohub.ui"
4    android:versionCode="1"
5    android:versionName="1.0" >
6
7    <uses-sdk
8        android:minSdkVersion="24"
9        android:targetSdkVersion="34" />
10
11    <uses-permission android:name="android.permission.INTERNET" />
11-->src\main\AndroidManifest.xml:4:5-67
11-->src\main\AndroidManifest.xml:4:22-64
12    <uses-permission android:name="android.permission.READ_EXTERNAL_STORAGE" />
12-->src\main\AndroidManifest.xml:5:5-80
12-->src\main\AndroidManifest.xml:5:22-77
13    <uses-permission android:name="android.permission.READ_MEDIA_IMAGES" />
13-->src\main\AndroidManifest.xml:6:5-76
13-->src\main\AndroidManifest.xml:6:22-73
14
15    <permission
15-->[androidx.core:core:1.9.0] AndroidManifest.xml:22:5-24:47
16        android:name="com.trohub.ui.DYNAMIC_RECEIVER_NOT_EXPORTED_PERMISSION"
16-->[androidx.core:core:1.9.0] AndroidManifest.xml:23:9-81
17        android:protectionLevel="signature" />
17-->[androidx.core:core:1.9.0] AndroidManifest.xml:24:9-44
18
19    <uses-permission android:name="com.trohub.ui.DYNAMIC_RECEIVER_NOT_EXPORTED_PERMISSION" />
19-->[androidx.core:core:1.9.0] AndroidManifest.xml:26:5-97
19-->[androidx.core:core:1.9.0] AndroidManifest.xml:26:22-94
20
21    <application
21-->src\main\AndroidManifest.xml:8:5-40:19
22        android:allowBackup="true"
22-->src\main\AndroidManifest.xml:9:9-35
23        android:appComponentFactory="androidx.core.app.CoreComponentFactory"
23-->[androidx.core:core:1.9.0] AndroidManifest.xml:28:18-86
24        android:extractNativeLibs="false"
25        android:label="Quản Lý Trọ"
25-->src\main\AndroidManifest.xml:10:9-36
26        android:supportsRtl="true"
26-->src\main\AndroidManifest.xml:11:9-35
27        android:theme="@style/Theme.TroHub"
27-->src\main\AndroidManifest.xml:12:9-44
28        android:usesCleartextTraffic="true" >
28-->src\main\AndroidManifest.xml:13:9-44
29        <activity
29-->src\main\AndroidManifest.xml:14:9-21:20
30            android:name="com.trohub.ui.auth.LoginActivity"
30-->src\main\AndroidManifest.xml:15:13-47
31            android:exported="true" >
31-->src\main\AndroidManifest.xml:16:13-36
32            <intent-filter>
32-->src\main\AndroidManifest.xml:17:13-20:29
33                <action android:name="android.intent.action.MAIN" />
33-->src\main\AndroidManifest.xml:18:17-69
33-->src\main\AndroidManifest.xml:18:25-66
34
35                <category android:name="android.intent.category.LAUNCHER" />
35-->src\main\AndroidManifest.xml:19:17-77
35-->src\main\AndroidManifest.xml:19:27-74
36            </intent-filter>
37        </activity>
38        <activity android:name="com.trohub.ui.MainActivity" />
38-->src\main\AndroidManifest.xml:23:9-50
38-->src\main\AndroidManifest.xml:23:19-47
39        <activity android:name="com.trohub.ui.auth.CreateTenantAccountActivity" />
39-->src\main\AndroidManifest.xml:24:9-70
39-->src\main\AndroidManifest.xml:24:19-67
40        <activity android:name="com.trohub.ui.rooms.RoomsActivity" />
40-->src\main\AndroidManifest.xml:25:9-57
40-->src\main\AndroidManifest.xml:25:19-54
41        <activity android:name="com.trohub.ui.rooms.detail.RoomDetailActivity" />
41-->src\main\AndroidManifest.xml:26:9-69
41-->src\main\AndroidManifest.xml:26:19-66
42        <activity android:name="com.trohub.ui.buildings.BuildingsActivity" />
42-->src\main\AndroidManifest.xml:27:9-65
42-->src\main\AndroidManifest.xml:27:19-62
43        <activity android:name="com.trohub.ui.buildings.BuildingRoomsActivity" />
43-->src\main\AndroidManifest.xml:28:9-69
43-->src\main\AndroidManifest.xml:28:19-66
44        <activity android:name="com.trohub.ui.buildings.BuildingDetailActivity" />
44-->src\main\AndroidManifest.xml:29:9-70
44-->src\main\AndroidManifest.xml:29:19-67
45        <activity android:name="com.trohub.ui.contracts.ContractsActivity" />
45-->src\main\AndroidManifest.xml:30:9-65
45-->src\main\AndroidManifest.xml:30:19-62
46        <activity android:name="com.trohub.ui.tenants.TenantsActivity" />
46-->src\main\AndroidManifest.xml:31:9-61
46-->src\main\AndroidManifest.xml:31:19-58
47        <activity android:name="com.trohub.ui.tenants.detail.TenantDetailActivity" />
47-->src\main\AndroidManifest.xml:32:9-73
47-->src\main\AndroidManifest.xml:32:19-70
48        <activity android:name="com.trohub.ui.incidents.IncidentsActivity" />
48-->src\main\AndroidManifest.xml:33:9-65
48-->src\main\AndroidManifest.xml:33:19-62
49        <activity android:name="com.trohub.ui.incidents.CreateIncidentActivity" />
49-->src\main\AndroidManifest.xml:34:9-70
49-->src\main\AndroidManifest.xml:34:19-67
50        <activity android:name="com.trohub.ui.guest.GuestEntriesActivity" />
50-->src\main\AndroidManifest.xml:35:9-64
50-->src\main\AndroidManifest.xml:35:19-61
51        <activity android:name="com.trohub.ui.guest.LandlordGuestReviewActivity" />
51-->src\main\AndroidManifest.xml:36:9-71
51-->src\main\AndroidManifest.xml:36:19-68
52        <activity android:name="com.trohub.ui.profile.ProfileActivity" />
52-->src\main\AndroidManifest.xml:37:9-61
52-->src\main\AndroidManifest.xml:37:19-58
53        <activity android:name="com.trohub.ui.billing.BillingActivity" />
53-->src\main\AndroidManifest.xml:38:9-61
53-->src\main\AndroidManifest.xml:38:19-58
54        <activity android:name="com.trohub.ui.reports.ReportsActivity" />
54-->src\main\AndroidManifest.xml:39:9-61
54-->src\main\AndroidManifest.xml:39:19-58
55
56        <provider
56-->[androidx.emoji2:emoji2:1.2.0] AndroidManifest.xml:24:9-32:20
57            android:name="androidx.startup.InitializationProvider"
57-->[androidx.emoji2:emoji2:1.2.0] AndroidManifest.xml:25:13-67
58            android:authorities="com.trohub.ui.androidx-startup"
58-->[androidx.emoji2:emoji2:1.2.0] AndroidManifest.xml:26:13-68
59            android:exported="false" >
59-->[androidx.emoji2:emoji2:1.2.0] AndroidManifest.xml:27:13-37
60            <meta-data
60-->[androidx.emoji2:emoji2:1.2.0] AndroidManifest.xml:29:13-31:52
61                android:name="androidx.emoji2.text.EmojiCompatInitializer"
61-->[androidx.emoji2:emoji2:1.2.0] AndroidManifest.xml:30:17-75
62                android:value="androidx.startup" />
62-->[androidx.emoji2:emoji2:1.2.0] AndroidManifest.xml:31:17-49
63            <meta-data
63-->[androidx.lifecycle:lifecycle-process:2.6.1] AndroidManifest.xml:29:13-31:52
64                android:name="androidx.lifecycle.ProcessLifecycleInitializer"
64-->[androidx.lifecycle:lifecycle-process:2.6.1] AndroidManifest.xml:30:17-78
65                android:value="androidx.startup" />
65-->[androidx.lifecycle:lifecycle-process:2.6.1] AndroidManifest.xml:31:17-49
66            <meta-data
66-->[androidx.profileinstaller:profileinstaller:1.3.0] AndroidManifest.xml:29:13-31:52
67                android:name="androidx.profileinstaller.ProfileInstallerInitializer"
67-->[androidx.profileinstaller:profileinstaller:1.3.0] AndroidManifest.xml:30:17-85
68                android:value="androidx.startup" />
68-->[androidx.profileinstaller:profileinstaller:1.3.0] AndroidManifest.xml:31:17-49
69        </provider>
70
71        <receiver
71-->[androidx.profileinstaller:profileinstaller:1.3.0] AndroidManifest.xml:34:9-52:20
72            android:name="androidx.profileinstaller.ProfileInstallReceiver"
72-->[androidx.profileinstaller:profileinstaller:1.3.0] AndroidManifest.xml:35:13-76
73            android:directBootAware="false"
73-->[androidx.profileinstaller:profileinstaller:1.3.0] AndroidManifest.xml:36:13-44
74            android:enabled="true"
74-->[androidx.profileinstaller:profileinstaller:1.3.0] AndroidManifest.xml:37:13-35
75            android:exported="true"
75-->[androidx.profileinstaller:profileinstaller:1.3.0] AndroidManifest.xml:38:13-36
76            android:permission="android.permission.DUMP" >
76-->[androidx.profileinstaller:profileinstaller:1.3.0] AndroidManifest.xml:39:13-57
77            <intent-filter>
77-->[androidx.profileinstaller:profileinstaller:1.3.0] AndroidManifest.xml:40:13-42:29
78                <action android:name="androidx.profileinstaller.action.INSTALL_PROFILE" />
78-->[androidx.profileinstaller:profileinstaller:1.3.0] AndroidManifest.xml:41:17-91
78-->[androidx.profileinstaller:profileinstaller:1.3.0] AndroidManifest.xml:41:25-88
79            </intent-filter>
80            <intent-filter>
80-->[androidx.profileinstaller:profileinstaller:1.3.0] AndroidManifest.xml:43:13-45:29
81                <action android:name="androidx.profileinstaller.action.SKIP_FILE" />
81-->[androidx.profileinstaller:profileinstaller:1.3.0] AndroidManifest.xml:44:17-85
81-->[androidx.profileinstaller:profileinstaller:1.3.0] AndroidManifest.xml:44:25-82
82            </intent-filter>
83            <intent-filter>
83-->[androidx.profileinstaller:profileinstaller:1.3.0] AndroidManifest.xml:46:13-48:29
84                <action android:name="androidx.profileinstaller.action.SAVE_PROFILE" />
84-->[androidx.profileinstaller:profileinstaller:1.3.0] AndroidManifest.xml:47:17-88
84-->[androidx.profileinstaller:profileinstaller:1.3.0] AndroidManifest.xml:47:25-85
85            </intent-filter>
86            <intent-filter>
86-->[androidx.profileinstaller:profileinstaller:1.3.0] AndroidManifest.xml:49:13-51:29
87                <action android:name="androidx.profileinstaller.action.BENCHMARK_OPERATION" />
87-->[androidx.profileinstaller:profileinstaller:1.3.0] AndroidManifest.xml:50:17-95
87-->[androidx.profileinstaller:profileinstaller:1.3.0] AndroidManifest.xml:50:25-92
88            </intent-filter>
89        </receiver>
90    </application>
91
92</manifest>